<?xml version="1.0" encoding="UTF-8"?>
<!-- Generated by org.testng.reporters.JUnitReportReporter -->
<testsuite hostname="LAPTOP-VJDATRLL" failures="0" tests="4" name="testcases.LoginTest" time="33.280" errors="0" timestamp="2022-03-21T14:24:25 CDT" skipped="0">
  <testcase classname="testcases.LoginTest" name="loginSuccessTest" time="9.346"/>
  <system-out/>
  <testcase classname="testcases.LoginTest" name="ExternalDataTest" time="6.742"/>
  <system-out/>
  <testcase classname="testcases.LoginTest" name="loginFailureTest" time="7.374"/>
  <system-out/>
  <testcase classname="testcases.LoginTest" name="parameterTest" time="9.818"/>
  <system-out/>
</testsuite> <!-- testcases.LoginTest -->
