<?xml version="1.0" encoding="UTF-8"?>
<!-- Generated by org.testng.reporters.JUnitReportReporter -->
<testsuite skipped="0" hostname="LAPTOP-VJDATRLL" name="testcases.LoginTest" tests="4" failures="0" timestamp="2022-03-22T12:27:05 CDT" time="44.721" errors="0">
  <testcase name="parameterTest" time="10.547" classname="testcases.LoginTest"/>
  <system-out/>
  <testcase name="ExternalDataTest" time="12.401" classname="testcases.LoginTest"/>
  <system-out/>
  <testcase name="loginSuccessTest" time="12.388" classname="testcases.LoginTest"/>
  <system-out/>
  <testcase name="loginFailureTest" time="9.385" classname="testcases.LoginTest"/>
  <system-out/>
</testsuite> <!-- testcases.LoginTest -->
